[5.073s] DEBUG:colcon:Command line arguments: ['/usr/bin/colcon', 'build']
[5.073s] DEBUG:colcon:Parsed command line arguments: Namespace(ament_cmake_args=None, base_paths=['.'], build_base='build', catkin_cmake_args=None, catkin_skip_building_tests=False, cmake_args=None, cmake_clean_cache=False, cmake_clean_first=False, cmake_force_configure=False, cmake_target=None, cmake_target_skip_unavailable=False, continue_on_error=False, event_handlers=None, executor='parallel', ignore_user_meta=False, install_base='install', log_base=None, log_level=None, main=<bound method BuildVerb.main of <colcon_core.verb.build.BuildVerb object at 0x7f69276bda30>>, merge_install=False, metas=['./colcon.meta'], packages_above=None, packages_above_and_dependencies=None, packages_above_depth=None, packages_end=None, packages_ignore=None, packages_ignore_regex=None, packages_select=None, packages_select_build_failed=False, packages_select_by_dep=None, packages_select_regex=None, packages_select_test_failures=False, packages_skip=None, packages_skip_build_finished=False, packages_skip_by_dep=None, packages_skip_regex=None, packages_skip_test_passed=False, packages_skip_up_to=None, packages_start=None, packages_up_to=None, packages_up_to_regex=None, parallel_workers=8, paths=None, symlink_install=False, test_result_base=None, verb_extension=<colcon_core.verb.build.BuildVerb object at 0x7f69276bda30>, verb_name='build', verb_parser=<colcon_defaults.argument_parser.defaults.DefaultArgumentsDecorator object at 0x7f69276bdfa0>)
[5.113s] Level 1:colcon.colcon_core.package_discovery:discover_packages(colcon_meta) check parameters
[5.114s] Level 1:colcon.colcon_core.package_discovery:discover_packages(recursive) check parameters
[5.114s] Level 1:colcon.colcon_core.package_discovery:discover_packages(ignore) check parameters
[5.114s] Level 1:colcon.colcon_core.package_discovery:discover_packages(path) check parameters
[5.114s] Level 1:colcon.colcon_core.package_discovery:discover_packages(colcon_meta) discover
[5.114s] Level 1:colcon.colcon_core.package_discovery:discover_packages(recursive) discover
[5.114s] INFO:colcon.colcon_core.package_discovery:Crawling recursively for packages in '/home/user/ros2_ws/src'
[5.114s] Level 1:colcon.colcon_core.package_identification:_identify(.) by extensions ['ignore', 'ignore_ament_install']
[5.114s] Level 1:colcon.colcon_core.package_identification:_identify(.) by extension 'ignore'
[5.115s] Level 1:colcon.colcon_core.package_identification:_identify(.) by extension 'ignore_ament_install'
[5.115s] Level 1:colcon.colcon_core.package_identification:_identify(.) by extensions ['colcon_pkg']
[5.115s] Level 1:colcon.colcon_core.package_identification:_identify(.) by extension 'colcon_pkg'
[5.115s] Level 1:colcon.colcon_core.package_identification:_identify(.) by extensions ['colcon_meta']
[5.115s] Level 1:colcon.colcon_core.package_identification:_identify(.) by extension 'colcon_meta'
[5.115s] Level 1:colcon.colcon_core.package_identification:_identify(.) by extensions ['ros']
[5.115s] Level 1:colcon.colcon_core.package_identification:_identify(.) by extension 'ros'
[5.173s] Level 1:colcon.colcon_core.package_identification:_identify(.) by extensions ['cmake', 'python']
[5.173s] Level 1:colcon.colcon_core.package_identification:_identify(.) by extension 'cmake'
[5.173s] Level 1:colcon.colcon_core.package_identification:_identify(.) by extension 'python'
[5.173s] Level 1:colcon.colcon_core.package_identification:_identify(.) by extensions ['python_setup_py']
[5.173s] Level 1:colcon.colcon_core.package_identification:_identify(.) by extension 'python_setup_py'
[5.173s] Level 1:colcon.colcon_core.package_identification:_identify(build) by extensions ['ignore', 'ignore_ament_install']
[5.174s] Level 1:colcon.colcon_core.package_identification:_identify(build) by extension 'ignore'
[5.174s] Level 1:colcon.colcon_core.package_identification:_identify(build) ignored
[5.174s] Level 1:colcon.colcon_core.package_identification:_identify(custom_interfaces) by extensions ['ignore', 'ignore_ament_install']
[5.174s] Level 1:colcon.colcon_core.package_identification:_identify(custom_interfaces) by extension 'ignore'
[5.179s] Level 1:colcon.colcon_core.package_identification:_identify(custom_interfaces) by extension 'ignore_ament_install'
[5.179s] Level 1:colcon.colcon_core.package_identification:_identify(custom_interfaces) by extensions ['colcon_pkg']
[5.179s] Level 1:colcon.colcon_core.package_identification:_identify(custom_interfaces) by extension 'colcon_pkg'
[5.179s] Level 1:colcon.colcon_core.package_identification:_identify(custom_interfaces) by extensions ['colcon_meta']
[5.179s] Level 1:colcon.colcon_core.package_identification:_identify(custom_interfaces) by extension 'colcon_meta'
[5.179s] Level 1:colcon.colcon_core.package_identification:_identify(custom_interfaces) by extensions ['ros']
[5.180s] Level 1:colcon.colcon_core.package_identification:_identify(custom_interfaces) by extension 'ros'
[5.196s] DEBUG:colcon.colcon_core.package_identification:Package 'custom_interfaces' with type 'ros.ament_cmake' and name 'custom_interfaces_service'
[5.196s] Level 1:colcon.colcon_core.package_identification:_identify(install) by extensions ['ignore', 'ignore_ament_install']
[5.196s] Level 1:colcon.colcon_core.package_identification:_identify(install) by extension 'ignore'
[5.196s] Level 1:colcon.colcon_core.package_identification:_identify(install) ignored
[5.197s] Level 1:colcon.colcon_core.package_identification:_identify(log) by extensions ['ignore', 'ignore_ament_install']
[5.197s] Level 1:colcon.colcon_core.package_identification:_identify(log) by extension 'ignore'
[5.197s] Level 1:colcon.colcon_core.package_identification:_identify(log) ignored
[5.197s] Level 1:colcon.colcon_core.package_identification:_identify(rosject1) by extensions ['ignore', 'ignore_ament_install']
[5.197s] Level 1:colcon.colcon_core.package_identification:_identify(rosject1) by extension 'ignore'
[5.198s] Level 1:colcon.colcon_core.package_identification:_identify(rosject1) by extension 'ignore_ament_install'
[5.198s] Level 1:colcon.colcon_core.package_identification:_identify(rosject1) by extensions ['colcon_pkg']
[5.198s] Level 1:colcon.colcon_core.package_identification:_identify(rosject1) by extension 'colcon_pkg'
[5.198s] Level 1:colcon.colcon_core.package_identification:_identify(rosject1) by extensions ['colcon_meta']
[5.198s] Level 1:colcon.colcon_core.package_identification:_identify(rosject1) by extension 'colcon_meta'
[5.198s] Level 1:colcon.colcon_core.package_identification:_identify(rosject1) by extensions ['ros']
[5.198s] Level 1:colcon.colcon_core.package_identification:_identify(rosject1) by extension 'ros'
[5.200s] DEBUG:colcon.colcon_core.package_identification:Package 'rosject1' with type 'ros.ament_python' and name 'rosject1'
[5.200s] Level 1:colcon.colcon_core.package_discovery:discover_packages(recursive) using defaults
[5.200s] Level 1:colcon.colcon_core.package_discovery:discover_packages(ignore) discover
[5.217s] Level 1:colcon.colcon_core.package_discovery:discover_packages(ignore) using defaults
[5.217s] Level 1:colcon.colcon_core.package_discovery:discover_packages(path) discover
[5.217s] Level 1:colcon.colcon_core.package_discovery:discover_packages(path) using defaults
[5.463s] Level 5:colcon.colcon_core.verb:set package 'custom_interfaces_service' build argument 'cmake_args' from command line to 'None'
[5.463s] Level 5:colcon.colcon_core.verb:set package 'custom_interfaces_service' build argument 'cmake_target' from command line to 'None'
[5.464s] Level 5:colcon.colcon_core.verb:set package 'custom_interfaces_service' build argument 'cmake_target_skip_unavailable' from command line to 'False'
[5.464s] Level 5:colcon.colcon_core.verb:set package 'custom_interfaces_service' build argument 'cmake_clean_cache' from command line to 'False'
[5.464s] Level 5:colcon.colcon_core.verb:set package 'custom_interfaces_service' build argument 'cmake_clean_first' from command line to 'False'
[5.464s] Level 5:colcon.colcon_core.verb:set package 'custom_interfaces_service' build argument 'cmake_force_configure' from command line to 'False'
[5.464s] Level 5:colcon.colcon_core.verb:set package 'custom_interfaces_service' build argument 'ament_cmake_args' from command line to 'None'
[5.464s] Level 5:colcon.colcon_core.verb:set package 'custom_interfaces_service' build argument 'catkin_cmake_args' from command line to 'None'
[5.464s] Level 5:colcon.colcon_core.verb:set package 'custom_interfaces_service' build argument 'catkin_skip_building_tests' from command line to 'False'
[5.464s] DEBUG:colcon.colcon_core.verb:Building package 'custom_interfaces_service' with the following arguments: {'ament_cmake_args': None, 'build_base': '/home/user/ros2_ws/src/build/custom_interfaces_service', 'catkin_cmake_args': None, 'catkin_skip_building_tests': False, 'cmake_args': None, 'cmake_clean_cache': False, 'cmake_clean_first': False, 'cmake_force_configure': False, 'cmake_target': None, 'cmake_target_skip_unavailable': False, 'install_base': '/home/user/ros2_ws/src/install/custom_interfaces_service', 'merge_install': False, 'path': '/home/user/ros2_ws/src/custom_interfaces', 'symlink_install': False, 'test_result_base': None}
[5.470s] Level 5:colcon.colcon_core.verb:set package 'rosject1' build argument 'cmake_args' from command line to 'None'
[5.471s] Level 5:colcon.colcon_core.verb:set package 'rosject1' build argument 'cmake_target' from command line to 'None'
[5.471s] Level 5:colcon.colcon_core.verb:set package 'rosject1' build argument 'cmake_target_skip_unavailable' from command line to 'False'
[5.471s] Level 5:colcon.colcon_core.verb:set package 'rosject1' build argument 'cmake_clean_cache' from command line to 'False'
[5.472s] Level 5:colcon.colcon_core.verb:set package 'rosject1' build argument 'cmake_clean_first' from command line to 'False'
[5.472s] Level 5:colcon.colcon_core.verb:set package 'rosject1' build argument 'cmake_force_configure' from command line to 'False'
[5.472s] Level 5:colcon.colcon_core.verb:set package 'rosject1' build argument 'ament_cmake_args' from command line to 'None'
[5.472s] Level 5:colcon.colcon_core.verb:set package 'rosject1' build argument 'catkin_cmake_args' from command line to 'None'
[5.472s] Level 5:colcon.colcon_core.verb:set package 'rosject1' build argument 'catkin_skip_building_tests' from command line to 'False'
[5.472s] DEBUG:colcon.colcon_core.verb:Building package 'rosject1' with the following arguments: {'ament_cmake_args': None, 'build_base': '/home/user/ros2_ws/src/build/rosject1', 'catkin_cmake_args': None, 'catkin_skip_building_tests': False, 'cmake_args': None, 'cmake_clean_cache': False, 'cmake_clean_first': False, 'cmake_force_configure': False, 'cmake_target': None, 'cmake_target_skip_unavailable': False, 'install_base': '/home/user/ros2_ws/src/install/rosject1', 'merge_install': False, 'path': '/home/user/ros2_ws/src/rosject1', 'symlink_install': False, 'test_result_base': None}
[5.473s] INFO:colcon.colcon_core.executor:Executing jobs using 'parallel' executor
[5.556s] DEBUG:colcon.colcon_parallel_executor.executor.parallel:run_until_complete
[5.556s] INFO:colcon.colcon_ros.task.ament_cmake.build:Building ROS package in '/home/user/ros2_ws/src/custom_interfaces' with build type 'ament_cmake'
[5.556s] INFO:colcon.colcon_cmake.task.cmake.build:Building CMake package in '/home/user/ros2_ws/src/custom_interfaces'
[5.615s] INFO:colcon.colcon_core.plugin_system:Skipping extension 'colcon_core.shell.bat': Not used on non-Windows systems
[5.616s] INFO:colcon.colcon_core.shell:Skip shell extension 'powershell' for command environment: Not usable outside of PowerShell
[5.616s] DEBUG:colcon.colcon_core.shell:Skip shell extension 'dsv' for command environment
[5.771s] DEBUG:colcon.colcon_core.shell:Ignoring prefix path '/opt/ros/foxy'
[5.839s] INFO:colcon.colcon_ros.task.ament_python.build:Building ROS package in '/home/user/ros2_ws/src/rosject1' with build type 'ament_python'
[5.847s] Level 1:colcon.colcon_core.shell:create_environment_hook('rosject1', 'ament_prefix_path')
[5.848s] INFO:colcon.colcon_core.shell:Creating environment hook '/home/user/ros2_ws/src/install/rosject1/share/rosject1/hook/ament_prefix_path.ps1'
[5.850s] INFO:colcon.colcon_core.shell:Creating environment descriptor '/home/user/ros2_ws/src/install/rosject1/share/rosject1/hook/ament_prefix_path.dsv'
[5.869s] INFO:colcon.colcon_core.shell:Creating environment hook '/home/user/ros2_ws/src/install/rosject1/share/rosject1/hook/ament_prefix_path.sh'
[5.871s] INFO:colcon.colcon_core.shell:Skip shell extension 'powershell' for command environment: Not usable outside of PowerShell
[5.871s] DEBUG:colcon.colcon_core.shell:Skip shell extension 'dsv' for command environment
[5.921s] DEBUG:colcon.colcon_core.shell:Ignoring prefix path '/opt/ros/foxy'
[5.998s] DEBUG:colcon.colcon_core.event_handler.log_command:Invoking command in '/home/user/ros2_ws/src/build/custom_interfaces_service': CMAKE_PREFIX_PATH=${CMAKE_PREFIX_PATH}:/home/user/ros2_ws/install/rosject1:/opt/ros/foxy _=/usr/bin/env /usr/bin/cmake /home/user/ros2_ws/src/custom_interfaces -DCMAKE_INSTALL_PREFIX=/home/user/ros2_ws/src/install/custom_interfaces_service
[10.788s] INFO:colcon.colcon_core.task.python.build:Building Python package in '/home/user/ros2_ws/src/rosject1'
[10.794s] INFO:colcon.colcon_core.shell:Skip shell extension 'powershell' for command environment: Not usable outside of PowerShell
[10.794s] DEBUG:colcon.colcon_core.shell:Skip shell extension 'dsv' for command environment
[10.799s] DEBUG:colcon.colcon_core.shell:Ignoring prefix path '/opt/ros/foxy'
[10.843s] DEBUG:colcon.colcon_core.event_handler.log_command:Invoking command in '/home/user/ros2_ws/src/rosject1': PYTHONPATH=/home/user/ros2_ws/src/install/rosject1/lib/python3.8/site-packages:${PYTHONPATH} _=/usr/bin/env /usr/bin/python3 setup.py egg_info --egg-base ../build/rosject1 build --build-base /home/user/ros2_ws/src/build/rosject1/build install --prefix /home/user/ros2_ws/src/install/rosject1 --record /home/user/ros2_ws/src/build/rosject1/install.log --single-version-externally-managed
[16.131s] DEBUG:colcon.colcon_core.event_handler.log_command:Invoked command in '/home/user/ros2_ws/src/rosject1' returned '0': PYTHONPATH=/home/user/ros2_ws/src/install/rosject1/lib/python3.8/site-packages:${PYTHONPATH} _=/usr/bin/env /usr/bin/python3 setup.py egg_info --egg-base ../build/rosject1 build --build-base /home/user/ros2_ws/src/build/rosject1/build install --prefix /home/user/ros2_ws/src/install/rosject1 --record /home/user/ros2_ws/src/build/rosject1/install.log --single-version-externally-managed
[16.146s] Level 1:colcon.colcon_core.environment:checking '/home/user/ros2_ws/src/install/rosject1' for CMake module files
[16.147s] Level 1:colcon.colcon_core.environment:checking '/home/user/ros2_ws/src/install/rosject1' for CMake config files
[16.148s] Level 1:colcon.colcon_core.environment:checking '/home/user/ros2_ws/src/install/rosject1/lib'
[16.149s] Level 1:colcon.colcon_core.environment:checking '/home/user/ros2_ws/src/install/rosject1/bin'
[16.149s] Level 1:colcon.colcon_core.environment:checking '/home/user/ros2_ws/src/install/rosject1/lib/pkgconfig/rosject1.pc'
[16.149s] Level 1:colcon.colcon_core.environment:checking '/home/user/ros2_ws/src/install/rosject1/lib/python3.8/site-packages'
[16.149s] Level 1:colcon.colcon_core.shell:create_environment_hook('rosject1', 'pythonpath')
[16.163s] INFO:colcon.colcon_core.shell:Creating environment hook '/home/user/ros2_ws/src/install/rosject1/share/rosject1/hook/pythonpath.ps1'
[16.164s] INFO:colcon.colcon_core.shell:Creating environment descriptor '/home/user/ros2_ws/src/install/rosject1/share/rosject1/hook/pythonpath.dsv'
[16.164s] INFO:colcon.colcon_core.shell:Creating environment hook '/home/user/ros2_ws/src/install/rosject1/share/rosject1/hook/pythonpath.sh'
[16.165s] Level 1:colcon.colcon_core.environment:create_environment_scripts_only(rosject1)
[16.166s] INFO:colcon.colcon_core.shell:Creating package script '/home/user/ros2_ws/src/install/rosject1/share/rosject1/package.ps1'
[16.184s] INFO:colcon.colcon_core.shell:Creating package descriptor '/home/user/ros2_ws/src/install/rosject1/share/rosject1/package.dsv'
[16.185s] INFO:colcon.colcon_core.shell:Creating package script '/home/user/ros2_ws/src/install/rosject1/share/rosject1/package.sh'
[16.186s] INFO:colcon.colcon_core.shell:Creating package script '/home/user/ros2_ws/src/install/rosject1/share/rosject1/package.bash'
[16.204s] INFO:colcon.colcon_core.shell:Creating package script '/home/user/ros2_ws/src/install/rosject1/share/rosject1/package.zsh'
[16.205s] Level 1:colcon.colcon_core.environment:create_file_with_runtime_dependencies(/home/user/ros2_ws/src/install/rosject1/share/colcon-core/packages/rosject1)
[31.036s] DEBUG:colcon.colcon_core.event_handler.log_command:Invoked command in '/home/user/ros2_ws/src/build/custom_interfaces_service' returned '1': CMAKE_PREFIX_PATH=${CMAKE_PREFIX_PATH}:/home/user/ros2_ws/install/rosject1:/opt/ros/foxy _=/usr/bin/env /usr/bin/cmake /home/user/ros2_ws/src/custom_interfaces -DCMAKE_INSTALL_PREFIX=/home/user/ros2_ws/src/install/custom_interfaces_service
[31.191s] Level 1:colcon.colcon_core.environment:create_environment_scripts_only(custom_interfaces_service)
[31.193s] Level 1:colcon.colcon_core.environment:checking '/home/user/ros2_ws/src/install/custom_interfaces_service' for CMake module files
[31.198s] Level 1:colcon.colcon_core.environment:checking '/home/user/ros2_ws/src/install/custom_interfaces_service' for CMake config files
[31.198s] Level 1:colcon.colcon_core.environment:checking '/home/user/ros2_ws/src/install/custom_interfaces_service/bin'
[31.199s] Level 1:colcon.colcon_core.environment:checking '/home/user/ros2_ws/src/install/custom_interfaces_service/lib/pkgconfig/custom_interfaces_service.pc'
[31.201s] Level 1:colcon.colcon_core.environment:checking '/home/user/ros2_ws/src/install/custom_interfaces_service/lib/python3.8/site-packages'
[31.203s] INFO:colcon.colcon_core.shell:Creating package script '/home/user/ros2_ws/src/install/custom_interfaces_service/share/custom_interfaces_service/package.ps1'
[31.218s] INFO:colcon.colcon_core.shell:Creating package descriptor '/home/user/ros2_ws/src/install/custom_interfaces_service/share/custom_interfaces_service/package.dsv'
[31.219s] INFO:colcon.colcon_core.shell:Creating package script '/home/user/ros2_ws/src/install/custom_interfaces_service/share/custom_interfaces_service/package.sh'
[31.219s] INFO:colcon.colcon_core.shell:Creating package script '/home/user/ros2_ws/src/install/custom_interfaces_service/share/custom_interfaces_service/package.bash'
[31.223s] INFO:colcon.colcon_core.shell:Creating package script '/home/user/ros2_ws/src/install/custom_interfaces_service/share/custom_interfaces_service/package.zsh'
[31.223s] Level 1:colcon.colcon_core.environment:create_file_with_runtime_dependencies(/home/user/ros2_ws/src/install/custom_interfaces_service/share/colcon-core/packages/custom_interfaces_service)
[31.237s] DEBUG:colcon.colcon_parallel_executor.executor.parallel:closing loop
[31.237s] DEBUG:colcon.colcon_parallel_executor.executor.parallel:loop closed
[31.246s] DEBUG:colcon.colcon_parallel_executor.executor.parallel:run_until_complete finished with '1'
[31.246s] DEBUG:colcon.colcon_core.event_reactor:joining thread
[31.289s] INFO:colcon.colcon_core.plugin_system:Skipping extension 'colcon_notification.desktop_notification.notify_send': Could not find 'notify-send'
[31.294s] INFO:colcon.colcon_core.plugin_system:Skipping extension 'colcon_notification.desktop_notification.terminal_notifier': Not used on non-Darwin systems
[31.295s] INFO:colcon.colcon_core.plugin_system:Skipping extension 'colcon_notification.desktop_notification.win32': Not used on non-Windows systems
[31.298s] INFO:colcon.colcon_notification.desktop_notification:Sending desktop notification using 'notify2'
[31.354s] DEBUG:colcon.colcon_notification.desktop_notification.notify2:Failed to initialize notify2: org.freedesktop.DBus.Error.ServiceUnknown: The name org.freedesktop.Notifications was not provided by any .service files
[31.356s] DEBUG:colcon.colcon_core.event_reactor:joined thread
[31.381s] INFO:colcon.colcon_core.shell:Creating prefix script '/home/user/ros2_ws/src/install/local_setup.ps1'
[31.383s] INFO:colcon.colcon_core.shell:Creating prefix util module '/home/user/ros2_ws/src/install/_local_setup_util_ps1.py'
[31.415s] INFO:colcon.colcon_core.shell:Creating prefix chain script '/home/user/ros2_ws/src/install/setup.ps1'
[31.512s] INFO:colcon.colcon_core.shell:Creating prefix script '/home/user/ros2_ws/src/install/local_setup.sh'
[31.528s] INFO:colcon.colcon_core.shell:Creating prefix util module '/home/user/ros2_ws/src/install/_local_setup_util_sh.py'
[31.539s] INFO:colcon.colcon_core.shell:Creating prefix chain script '/home/user/ros2_ws/src/install/setup.sh'
[31.572s] INFO:colcon.colcon_core.shell:Creating prefix script '/home/user/ros2_ws/src/install/local_setup.bash'
[31.593s] INFO:colcon.colcon_core.shell:Creating prefix chain script '/home/user/ros2_ws/src/install/setup.bash'
[31.634s] INFO:colcon.colcon_core.shell:Creating prefix script '/home/user/ros2_ws/src/install/local_setup.zsh'
[31.635s] INFO:colcon.colcon_core.shell:Creating prefix chain script '/home/user/ros2_ws/src/install/setup.zsh'
