[0.411s] Invoking command in '/home/user/ros2_ws/src/build/custom_interfaces_service': CMAKE_PREFIX_PATH=${CMAKE_PREFIX_PATH}:/home/user/ros2_ws/install/rosject1:/opt/ros/foxy _=/usr/bin/env /usr/bin/cmake /home/user/ros2_ws/src/custom_interfaces -DCMAKE_INSTALL_PREFIX=/home/user/ros2_ws/src/install/custom_interfaces_service
[1.122s] -- The C compiler identification is GNU 9.3.0
[1.960s] -- The CXX compiler identification is GNU 9.3.0
[2.004s] -- Check for working C compiler: /usr/bin/cc
[3.439s] -- Check for working C compiler: /usr/bin/cc -- works
[3.441s] -- Detecting C compiler ABI info
[4.394s] -- Detecting C compiler ABI info - done
[4.521s] -- Detecting C compile features
[4.526s] -- Detecting C compile features - done
[4.537s] -- Check for working CXX compiler: /usr/bin/c++
[5.816s] -- Check for working CXX compiler: /usr/bin/c++ -- works
[5.818s] -- Detecting CXX compiler ABI info
[6.571s] -- Detecting CXX compiler ABI info - done
[6.733s] -- Detecting CXX compile features
[6.735s] -- Detecting CXX compile features - done
[6.811s] -- Found ament_cmake: 0.9.9 (/opt/ros/foxy/share/ament_cmake/cmake)
[7.570s] -- Found PythonInterp: /usr/bin/python3 (found suitable version "3.8.10", minimum required is "3") 
[7.570s] -- Using PYTHON_EXECUTABLE: /usr/bin/python3
[11.964s] -- Found rclcpp: 2.4.0 (/opt/ros/foxy/share/rclcpp/cmake)
[14.228s] -- Using all available rosidl_typesupport_c: rosidl_typesupport_fastrtps_c;rosidl_typesupport_introspection_c
[14.420s] -- Found rosidl_adapter: 1.2.1 (/opt/ros/foxy/share/rosidl_adapter/cmake)
[15.829s] -- Found OpenSSL: /usr/lib/x86_64-linux-gnu/libcrypto.so (found version "1.1.1f")  
[16.230s] -- Found FastRTPS: /opt/ros/foxy/include  
[17.628s] -- Using all available rosidl_typesupport_cpp: rosidl_typesupport_fastrtps_cpp;rosidl_typesupport_introspection_cpp
[18.577s] -- Found rmw_implementation_cmake: 1.0.3 (/opt/ros/foxy/share/rmw_implementation_cmake/cmake)
[18.577s] -- Using RMW implementation 'rmw_fastrtps_cpp' as default
[18.588s] -- Looking for pthread.h
[19.638s] -- Looking for pthread.h - found
[19.644s] -- Performing Test CMAKE_HAVE_LIBC_PTHREAD
[20.528s] -- Performing Test CMAKE_HAVE_LIBC_PTHREAD - Failed
[20.528s] -- Looking for pthread_create in pthreads
[21.215s] -- Looking for pthread_create in pthreads - not found
[21.215s] -- Looking for pthread_create in pthread
[22.102s] -- Looking for pthread_create in pthread - found
[22.113s] -- Found Threads: TRUE  
[24.201s] -- Found rosidl_default_generators: 1.0.1 (/opt/ros/foxy/share/rosidl_default_generators/cmake)
[24.734s] -- Found ament_lint_auto: 0.9.6 (/opt/ros/foxy/share/ament_lint_auto/cmake)
[25.260s] CMake Error at /opt/ros/foxy/share/ament_cmake_core/cmake/core/ament_package_xml.cmake:53 (message):
[25.260s]   ament_package_xml() package name 'custom_interfaces_service' in
[25.260s]   '/package.xml' does not match current PROJECT_NAME 'custom_interfaces'.
[25.260s]   You must call project() with the same package name before.
[25.260s] Call Stack (most recent call first):
[25.260s]   /opt/ros/foxy/share/ament_lint_auto/cmake/ament_lint_auto_find_test_dependencies.cmake:31 (ament_package_xml)
[25.261s]   CMakeLists.txt:32 (ament_lint_auto_find_test_dependencies)
[25.261s] 
[25.261s] 
[25.282s] -- Configuring incomplete, errors occurred!
[25.282s] See also "/home/user/ros2_ws/src/build/custom_interfaces_service/CMakeFiles/CMakeOutput.log".
[25.282s] See also "/home/user/ros2_ws/src/build/custom_interfaces_service/CMakeFiles/CMakeError.log".
[25.449s] Invoked command in '/home/user/ros2_ws/src/build/custom_interfaces_service' returned '1': CMAKE_PREFIX_PATH=${CMAKE_PREFIX_PATH}:/home/user/ros2_ws/install/rosject1:/opt/ros/foxy _=/usr/bin/env /usr/bin/cmake /home/user/ros2_ws/src/custom_interfaces -DCMAKE_INSTALL_PREFIX=/home/user/ros2_ws/src/install/custom_interfaces_service
