[4.959s] DEBUG:colcon:Command line arguments: ['/usr/bin/colcon', 'build', '--packages-select', 'custom_interfaces']
[4.959s] DEBUG:colcon:Parsed command line arguments: Namespace(ament_cmake_args=None, base_paths=['.'], build_base='build', catkin_cmake_args=None, catkin_skip_building_tests=False, cmake_args=None, cmake_clean_cache=False, cmake_clean_first=False, cmake_force_configure=False, cmake_target=None, cmake_target_skip_unavailable=False, continue_on_error=False, event_handlers=None, executor='parallel', ignore_user_meta=False, install_base='install', log_base=None, log_level=None, main=<bound method BuildVerb.main of <colcon_core.verb.build.BuildVerb object at 0x7f916a3a4a60>>, merge_install=False, metas=['./colcon.meta'], packages_above=None, packages_above_and_dependencies=None, packages_above_depth=None, packages_end=None, packages_ignore=None, packages_ignore_regex=None, packages_select=['custom_interfaces'], packages_select_build_failed=False, packages_select_by_dep=None, packages_select_regex=None, packages_select_test_failures=False, packages_skip=None, packages_skip_build_finished=False, packages_skip_by_dep=None, packages_skip_regex=None, packages_skip_test_passed=False, packages_skip_up_to=None, packages_start=None, packages_up_to=None, packages_up_to_regex=None, parallel_workers=8, paths=None, symlink_install=False, test_result_base=None, verb_extension=<colcon_core.verb.build.BuildVerb object at 0x7f916a3a4a60>, verb_name='build', verb_parser=<colcon_defaults.argument_parser.defaults.DefaultArgumentsDecorator object at 0x7f916a3b3040>)
[4.998s] Level 1:colcon.colcon_core.package_discovery:discover_packages(colcon_meta) check parameters
[5.012s] Level 1:colcon.colcon_core.package_discovery:discover_packages(recursive) check parameters
[5.012s] Level 1:colcon.colcon_core.package_discovery:discover_packages(ignore) check parameters
[5.012s] Level 1:colcon.colcon_core.package_discovery:discover_packages(path) check parameters
[5.012s] Level 1:colcon.colcon_core.package_discovery:discover_packages(colcon_meta) discover
[5.012s] Level 1:colcon.colcon_core.package_discovery:discover_packages(recursive) discover
[5.012s] INFO:colcon.colcon_core.package_discovery:Crawling recursively for packages in '/home/user/ros2_ws/src'
[5.013s] Level 1:colcon.colcon_core.package_identification:_identify(.) by extensions ['ignore', 'ignore_ament_install']
[5.013s] Level 1:colcon.colcon_core.package_identification:_identify(.) by extension 'ignore'
[5.013s] Level 1:colcon.colcon_core.package_identification:_identify(.) by extension 'ignore_ament_install'
[5.014s] Level 1:colcon.colcon_core.package_identification:_identify(.) by extensions ['colcon_pkg']
[5.023s] Level 1:colcon.colcon_core.package_identification:_identify(.) by extension 'colcon_pkg'
[5.023s] Level 1:colcon.colcon_core.package_identification:_identify(.) by extensions ['colcon_meta']
[5.023s] Level 1:colcon.colcon_core.package_identification:_identify(.) by extension 'colcon_meta'
[5.023s] Level 1:colcon.colcon_core.package_identification:_identify(.) by extensions ['ros']
[5.023s] Level 1:colcon.colcon_core.package_identification:_identify(.) by extension 'ros'
[5.236s] Level 1:colcon.colcon_core.package_identification:_identify(.) by extensions ['cmake', 'python']
[5.243s] Level 1:colcon.colcon_core.package_identification:_identify(.) by extension 'cmake'
[5.245s] Level 1:colcon.colcon_core.package_identification:_identify(.) by extension 'python'
[5.245s] Level 1:colcon.colcon_core.package_identification:_identify(.) by extensions ['python_setup_py']
[5.251s] Level 1:colcon.colcon_core.package_identification:_identify(.) by extension 'python_setup_py'
[5.251s] Level 1:colcon.colcon_core.package_identification:_identify(build) by extensions ['ignore', 'ignore_ament_install']
[5.255s] Level 1:colcon.colcon_core.package_identification:_identify(build) by extension 'ignore'
[5.259s] Level 1:colcon.colcon_core.package_identification:_identify(build) ignored
[5.259s] Level 1:colcon.colcon_core.package_identification:_identify(custom_interfaces) by extensions ['ignore', 'ignore_ament_install']
[5.259s] Level 1:colcon.colcon_core.package_identification:_identify(custom_interfaces) by extension 'ignore'
[5.263s] Level 1:colcon.colcon_core.package_identification:_identify(custom_interfaces) by extension 'ignore_ament_install'
[5.263s] Level 1:colcon.colcon_core.package_identification:_identify(custom_interfaces) by extensions ['colcon_pkg']
[5.263s] Level 1:colcon.colcon_core.package_identification:_identify(custom_interfaces) by extension 'colcon_pkg'
[5.264s] Level 1:colcon.colcon_core.package_identification:_identify(custom_interfaces) by extensions ['colcon_meta']
[5.275s] Level 1:colcon.colcon_core.package_identification:_identify(custom_interfaces) by extension 'colcon_meta'
[5.275s] Level 1:colcon.colcon_core.package_identification:_identify(custom_interfaces) by extensions ['ros']
[5.275s] Level 1:colcon.colcon_core.package_identification:_identify(custom_interfaces) by extension 'ros'
[5.292s] DEBUG:colcon.colcon_core.package_identification:Package 'custom_interfaces' with type 'ros.ament_cmake' and name 'custom_interfaces'
[5.303s] Level 1:colcon.colcon_core.package_identification:_identify(install) by extensions ['ignore', 'ignore_ament_install']
[5.307s] Level 1:colcon.colcon_core.package_identification:_identify(install) by extension 'ignore'
[5.307s] Level 1:colcon.colcon_core.package_identification:_identify(install) ignored
[5.307s] Level 1:colcon.colcon_core.package_identification:_identify(log) by extensions ['ignore', 'ignore_ament_install']
[5.307s] Level 1:colcon.colcon_core.package_identification:_identify(log) by extension 'ignore'
[5.307s] Level 1:colcon.colcon_core.package_identification:_identify(log) ignored
[5.308s] Level 1:colcon.colcon_core.package_identification:_identify(rosject1) by extensions ['ignore', 'ignore_ament_install']
[5.308s] Level 1:colcon.colcon_core.package_identification:_identify(rosject1) by extension 'ignore'
[5.308s] Level 1:colcon.colcon_core.package_identification:_identify(rosject1) by extension 'ignore_ament_install'
[5.308s] Level 1:colcon.colcon_core.package_identification:_identify(rosject1) by extensions ['colcon_pkg']
[5.308s] Level 1:colcon.colcon_core.package_identification:_identify(rosject1) by extension 'colcon_pkg'
[5.308s] Level 1:colcon.colcon_core.package_identification:_identify(rosject1) by extensions ['colcon_meta']
[5.308s] Level 1:colcon.colcon_core.package_identification:_identify(rosject1) by extension 'colcon_meta'
[5.309s] Level 1:colcon.colcon_core.package_identification:_identify(rosject1) by extensions ['ros']
[5.309s] Level 1:colcon.colcon_core.package_identification:_identify(rosject1) by extension 'ros'
[5.335s] DEBUG:colcon.colcon_core.package_identification:Package 'rosject1' with type 'ros.ament_python' and name 'rosject1'
[5.341s] Level 1:colcon.colcon_core.package_discovery:discover_packages(recursive) using defaults
[5.348s] Level 1:colcon.colcon_core.package_discovery:discover_packages(ignore) discover
[5.351s] Level 1:colcon.colcon_core.package_discovery:discover_packages(ignore) using defaults
[5.351s] Level 1:colcon.colcon_core.package_discovery:discover_packages(path) discover
[5.351s] Level 1:colcon.colcon_core.package_discovery:discover_packages(path) using defaults
[5.610s] INFO:colcon.colcon_core.package_selection:Skipping not selected package 'rosject1' in 'rosject1'
[5.647s] Level 5:colcon.colcon_core.verb:set package 'custom_interfaces' build argument 'cmake_args' from command line to 'None'
[5.648s] Level 5:colcon.colcon_core.verb:set package 'custom_interfaces' build argument 'cmake_target' from command line to 'None'
[5.648s] Level 5:colcon.colcon_core.verb:set package 'custom_interfaces' build argument 'cmake_target_skip_unavailable' from command line to 'False'
[5.648s] Level 5:colcon.colcon_core.verb:set package 'custom_interfaces' build argument 'cmake_clean_cache' from command line to 'False'
[5.648s] Level 5:colcon.colcon_core.verb:set package 'custom_interfaces' build argument 'cmake_clean_first' from command line to 'False'
[5.648s] Level 5:colcon.colcon_core.verb:set package 'custom_interfaces' build argument 'cmake_force_configure' from command line to 'False'
[5.648s] Level 5:colcon.colcon_core.verb:set package 'custom_interfaces' build argument 'ament_cmake_args' from command line to 'None'
[5.648s] Level 5:colcon.colcon_core.verb:set package 'custom_interfaces' build argument 'catkin_cmake_args' from command line to 'None'
[5.648s] Level 5:colcon.colcon_core.verb:set package 'custom_interfaces' build argument 'catkin_skip_building_tests' from command line to 'False'
[5.655s] DEBUG:colcon.colcon_core.verb:Building package 'custom_interfaces' with the following arguments: {'ament_cmake_args': None, 'build_base': '/home/user/ros2_ws/src/build/custom_interfaces', 'catkin_cmake_args': None, 'catkin_skip_building_tests': False, 'cmake_args': None, 'cmake_clean_cache': False, 'cmake_clean_first': False, 'cmake_force_configure': False, 'cmake_target': None, 'cmake_target_skip_unavailable': False, 'install_base': '/home/user/ros2_ws/src/install/custom_interfaces', 'merge_install': False, 'path': '/home/user/ros2_ws/src/custom_interfaces', 'symlink_install': False, 'test_result_base': None}
[5.656s] INFO:colcon.colcon_core.executor:Executing jobs using 'parallel' executor
[5.683s] DEBUG:colcon.colcon_parallel_executor.executor.parallel:run_until_complete
[5.691s] INFO:colcon.colcon_ros.task.ament_cmake.build:Building ROS package in '/home/user/ros2_ws/src/custom_interfaces' with build type 'ament_cmake'
[5.691s] INFO:colcon.colcon_cmake.task.cmake.build:Building CMake package in '/home/user/ros2_ws/src/custom_interfaces'
[5.705s] INFO:colcon.colcon_core.plugin_system:Skipping extension 'colcon_core.shell.bat': Not used on non-Windows systems
[5.716s] INFO:colcon.colcon_core.shell:Skip shell extension 'powershell' for command environment: Not usable outside of PowerShell
[5.743s] DEBUG:colcon.colcon_core.shell:Skip shell extension 'dsv' for command environment
[5.816s] DEBUG:colcon.colcon_core.shell:Ignoring prefix path '/opt/ros/foxy'
[5.887s] DEBUG:colcon.colcon_core.event_handler.log_command:Invoking command in '/home/user/ros2_ws/src/build/custom_interfaces': CMAKE_PREFIX_PATH=${CMAKE_PREFIX_PATH}:/home/user/ros2_ws/install/rosject1:/opt/ros/foxy _=/usr/bin/env /usr/bin/cmake /home/user/ros2_ws/src/custom_interfaces -DCMAKE_INSTALL_PREFIX=/home/user/ros2_ws/src/install/custom_interfaces
[38.734s] DEBUG:colcon.colcon_core.event_handler.log_command:Invoked command in '/home/user/ros2_ws/src/build/custom_interfaces' returned '0': CMAKE_PREFIX_PATH=${CMAKE_PREFIX_PATH}:/home/user/ros2_ws/install/rosject1:/opt/ros/foxy _=/usr/bin/env /usr/bin/cmake /home/user/ros2_ws/src/custom_interfaces -DCMAKE_INSTALL_PREFIX=/home/user/ros2_ws/src/install/custom_interfaces
[38.736s] DEBUG:colcon.colcon_core.event_handler.log_command:Invoking command in '/home/user/ros2_ws/src/build/custom_interfaces': CMAKE_PREFIX_PATH=${CMAKE_PREFIX_PATH}:/home/user/ros2_ws/install/rosject1:/opt/ros/foxy _=/usr/bin/env /usr/bin/cmake --build /home/user/ros2_ws/src/build/custom_interfaces -- -j8 -l8
[116.938s] DEBUG:colcon.colcon_core.event_handler.log_command:Invoked command in '/home/user/ros2_ws/src/build/custom_interfaces' returned '0': CMAKE_PREFIX_PATH=${CMAKE_PREFIX_PATH}:/home/user/ros2_ws/install/rosject1:/opt/ros/foxy _=/usr/bin/env /usr/bin/cmake --build /home/user/ros2_ws/src/build/custom_interfaces -- -j8 -l8
[118.227s] DEBUG:colcon.colcon_core.event_handler.log_command:Invoking command in '/home/user/ros2_ws/src/build/custom_interfaces': CMAKE_PREFIX_PATH=${CMAKE_PREFIX_PATH}:/home/user/ros2_ws/install/rosject1:/opt/ros/foxy _=/usr/bin/env /usr/bin/cmake --install /home/user/ros2_ws/src/build/custom_interfaces
[118.850s] Level 1:colcon.colcon_core.environment:create_environment_scripts_only(custom_interfaces)
[118.870s] Level 1:colcon.colcon_core.environment:checking '/home/user/ros2_ws/src/install/custom_interfaces' for CMake module files
[118.884s] Level 1:colcon.colcon_core.environment:checking '/home/user/ros2_ws/src/install/custom_interfaces' for CMake config files
[118.886s] Level 1:colcon.colcon_core.shell:create_environment_hook('custom_interfaces', 'cmake_prefix_path')
[118.885s] DEBUG:colcon.colcon_core.event_handler.log_command:Invoked command in '/home/user/ros2_ws/src/build/custom_interfaces' returned '0': CMAKE_PREFIX_PATH=${CMAKE_PREFIX_PATH}:/home/user/ros2_ws/install/rosject1:/opt/ros/foxy _=/usr/bin/env /usr/bin/cmake --install /home/user/ros2_ws/src/build/custom_interfaces
[118.887s] INFO:colcon.colcon_core.shell:Creating environment hook '/home/user/ros2_ws/src/install/custom_interfaces/share/custom_interfaces/hook/cmake_prefix_path.ps1'
[118.889s] INFO:colcon.colcon_core.shell:Creating environment descriptor '/home/user/ros2_ws/src/install/custom_interfaces/share/custom_interfaces/hook/cmake_prefix_path.dsv'
[118.890s] INFO:colcon.colcon_core.shell:Creating environment hook '/home/user/ros2_ws/src/install/custom_interfaces/share/custom_interfaces/hook/cmake_prefix_path.sh'
[118.892s] Level 1:colcon.colcon_core.environment:checking '/home/user/ros2_ws/src/install/custom_interfaces/lib'
[118.893s] Level 1:colcon.colcon_core.shell:create_environment_hook('custom_interfaces', 'ld_library_path_lib')
[118.894s] INFO:colcon.colcon_core.shell:Creating environment hook '/home/user/ros2_ws/src/install/custom_interfaces/share/custom_interfaces/hook/ld_library_path_lib.ps1'
[118.895s] INFO:colcon.colcon_core.shell:Creating environment descriptor '/home/user/ros2_ws/src/install/custom_interfaces/share/custom_interfaces/hook/ld_library_path_lib.dsv'
[118.895s] INFO:colcon.colcon_core.shell:Creating environment hook '/home/user/ros2_ws/src/install/custom_interfaces/share/custom_interfaces/hook/ld_library_path_lib.sh'
[118.896s] Level 1:colcon.colcon_core.environment:checking '/home/user/ros2_ws/src/install/custom_interfaces/bin'
[118.896s] Level 1:colcon.colcon_core.environment:checking '/home/user/ros2_ws/src/install/custom_interfaces/lib/pkgconfig/custom_interfaces.pc'
[118.896s] Level 1:colcon.colcon_core.environment:checking '/home/user/ros2_ws/src/install/custom_interfaces/lib/python3.8/site-packages'
[118.896s] Level 1:colcon.colcon_core.shell:create_environment_hook('custom_interfaces', 'pythonpath')
[118.897s] INFO:colcon.colcon_core.shell:Creating environment hook '/home/user/ros2_ws/src/install/custom_interfaces/share/custom_interfaces/hook/pythonpath.ps1'
[118.898s] INFO:colcon.colcon_core.shell:Creating environment descriptor '/home/user/ros2_ws/src/install/custom_interfaces/share/custom_interfaces/hook/pythonpath.dsv'
[118.899s] INFO:colcon.colcon_core.shell:Creating environment hook '/home/user/ros2_ws/src/install/custom_interfaces/share/custom_interfaces/hook/pythonpath.sh'
[118.911s] INFO:colcon.colcon_core.shell:Creating package script '/home/user/ros2_ws/src/install/custom_interfaces/share/custom_interfaces/package.ps1'
[118.940s] INFO:colcon.colcon_core.shell:Creating package descriptor '/home/user/ros2_ws/src/install/custom_interfaces/share/custom_interfaces/package.dsv'
[118.953s] INFO:colcon.colcon_core.shell:Creating package script '/home/user/ros2_ws/src/install/custom_interfaces/share/custom_interfaces/package.sh'
[118.967s] INFO:colcon.colcon_core.shell:Creating package script '/home/user/ros2_ws/src/install/custom_interfaces/share/custom_interfaces/package.bash'
[118.981s] INFO:colcon.colcon_core.shell:Creating package script '/home/user/ros2_ws/src/install/custom_interfaces/share/custom_interfaces/package.zsh'
[118.995s] Level 1:colcon.colcon_core.environment:create_file_with_runtime_dependencies(/home/user/ros2_ws/src/install/custom_interfaces/share/colcon-core/packages/custom_interfaces)
[120.497s] Level 1:colcon.colcon_core.environment:create_environment_scripts_only(custom_interfaces)
[120.504s] Level 1:colcon.colcon_core.environment:checking '/home/user/ros2_ws/src/install/custom_interfaces' for CMake module files
[120.512s] Level 1:colcon.colcon_core.environment:checking '/home/user/ros2_ws/src/install/custom_interfaces' for CMake config files
[120.520s] Level 1:colcon.colcon_core.shell:create_environment_hook('custom_interfaces', 'cmake_prefix_path')
[120.542s] INFO:colcon.colcon_core.shell:Creating environment hook '/home/user/ros2_ws/src/install/custom_interfaces/share/custom_interfaces/hook/cmake_prefix_path.ps1'
[120.545s] INFO:colcon.colcon_core.shell:Creating environment descriptor '/home/user/ros2_ws/src/install/custom_interfaces/share/custom_interfaces/hook/cmake_prefix_path.dsv'
[120.545s] INFO:colcon.colcon_core.shell:Creating environment hook '/home/user/ros2_ws/src/install/custom_interfaces/share/custom_interfaces/hook/cmake_prefix_path.sh'
[120.547s] Level 1:colcon.colcon_core.environment:checking '/home/user/ros2_ws/src/install/custom_interfaces/lib'
[120.547s] Level 1:colcon.colcon_core.shell:create_environment_hook('custom_interfaces', 'ld_library_path_lib')
[120.549s] INFO:colcon.colcon_core.shell:Creating environment hook '/home/user/ros2_ws/src/install/custom_interfaces/share/custom_interfaces/hook/ld_library_path_lib.ps1'
[120.550s] INFO:colcon.colcon_core.shell:Creating environment descriptor '/home/user/ros2_ws/src/install/custom_interfaces/share/custom_interfaces/hook/ld_library_path_lib.dsv'
[120.551s] INFO:colcon.colcon_core.shell:Creating environment hook '/home/user/ros2_ws/src/install/custom_interfaces/share/custom_interfaces/hook/ld_library_path_lib.sh'
[120.552s] Level 1:colcon.colcon_core.environment:checking '/home/user/ros2_ws/src/install/custom_interfaces/bin'
[120.552s] Level 1:colcon.colcon_core.environment:checking '/home/user/ros2_ws/src/install/custom_interfaces/lib/pkgconfig/custom_interfaces.pc'
[120.552s] Level 1:colcon.colcon_core.environment:checking '/home/user/ros2_ws/src/install/custom_interfaces/lib/python3.8/site-packages'
[120.552s] Level 1:colcon.colcon_core.shell:create_environment_hook('custom_interfaces', 'pythonpath')
[120.554s] INFO:colcon.colcon_core.shell:Creating environment hook '/home/user/ros2_ws/src/install/custom_interfaces/share/custom_interfaces/hook/pythonpath.ps1'
[120.555s] INFO:colcon.colcon_core.shell:Creating environment descriptor '/home/user/ros2_ws/src/install/custom_interfaces/share/custom_interfaces/hook/pythonpath.dsv'
[120.555s] INFO:colcon.colcon_core.shell:Creating environment hook '/home/user/ros2_ws/src/install/custom_interfaces/share/custom_interfaces/hook/pythonpath.sh'
[120.557s] INFO:colcon.colcon_core.shell:Creating package script '/home/user/ros2_ws/src/install/custom_interfaces/share/custom_interfaces/package.ps1'
[120.560s] INFO:colcon.colcon_core.shell:Creating package descriptor '/home/user/ros2_ws/src/install/custom_interfaces/share/custom_interfaces/package.dsv'
[120.561s] INFO:colcon.colcon_core.shell:Creating package script '/home/user/ros2_ws/src/install/custom_interfaces/share/custom_interfaces/package.sh'
[120.562s] INFO:colcon.colcon_core.shell:Creating package script '/home/user/ros2_ws/src/install/custom_interfaces/share/custom_interfaces/package.bash'
[120.562s] INFO:colcon.colcon_core.shell:Creating package script '/home/user/ros2_ws/src/install/custom_interfaces/share/custom_interfaces/package.zsh'
[120.563s] Level 1:colcon.colcon_core.environment:create_file_with_runtime_dependencies(/home/user/ros2_ws/src/install/custom_interfaces/share/colcon-core/packages/custom_interfaces)
[120.565s] DEBUG:colcon.colcon_parallel_executor.executor.parallel:closing loop
[120.566s] DEBUG:colcon.colcon_parallel_executor.executor.parallel:loop closed
[120.566s] DEBUG:colcon.colcon_parallel_executor.executor.parallel:run_until_complete finished with '0'
[120.566s] DEBUG:colcon.colcon_core.event_reactor:joining thread
[120.630s] INFO:colcon.colcon_core.plugin_system:Skipping extension 'colcon_notification.desktop_notification.notify_send': Could not find 'notify-send'
[120.634s] INFO:colcon.colcon_core.plugin_system:Skipping extension 'colcon_notification.desktop_notification.terminal_notifier': Not used on non-Darwin systems
[120.639s] INFO:colcon.colcon_core.plugin_system:Skipping extension 'colcon_notification.desktop_notification.win32': Not used on non-Windows systems
[120.641s] INFO:colcon.colcon_notification.desktop_notification:Sending desktop notification using 'notify2'
[120.694s] DEBUG:colcon.colcon_notification.desktop_notification.notify2:Failed to initialize notify2: org.freedesktop.DBus.Error.ServiceUnknown: The name org.freedesktop.Notifications was not provided by any .service files
[120.694s] DEBUG:colcon.colcon_core.event_reactor:joined thread
[120.697s] INFO:colcon.colcon_core.shell:Creating prefix script '/home/user/ros2_ws/src/install/local_setup.ps1'
[120.708s] INFO:colcon.colcon_core.shell:Creating prefix util module '/home/user/ros2_ws/src/install/_local_setup_util_ps1.py'
[120.716s] INFO:colcon.colcon_core.shell:Creating prefix chain script '/home/user/ros2_ws/src/install/setup.ps1'
[120.741s] INFO:colcon.colcon_core.shell:Creating prefix script '/home/user/ros2_ws/src/install/local_setup.sh'
[120.746s] INFO:colcon.colcon_core.shell:Creating prefix util module '/home/user/ros2_ws/src/install/_local_setup_util_sh.py'
[120.749s] INFO:colcon.colcon_core.shell:Creating prefix chain script '/home/user/ros2_ws/src/install/setup.sh'
[120.775s] INFO:colcon.colcon_core.shell:Creating prefix script '/home/user/ros2_ws/src/install/local_setup.bash'
[120.777s] INFO:colcon.colcon_core.shell:Creating prefix chain script '/home/user/ros2_ws/src/install/setup.bash'
[120.814s] INFO:colcon.colcon_core.shell:Creating prefix script '/home/user/ros2_ws/src/install/local_setup.zsh'
[120.818s] INFO:colcon.colcon_core.shell:Creating prefix chain script '/home/user/ros2_ws/src/install/setup.zsh'
